2021-10-29 00:56:33,966 [Worker-3: Loading available Gradle versions] INFO  o.e.b.c.i.u.g.PublishedGradleVersions - Gradle version information cache is up-to-date. Trying to read.
2021-10-29 00:58:05,853 [Worker-8: Building] INFO  o.e.m.c.i.l.LifecycleMappingFactory - Using NULL lifecycle mapping for MavenProject: com.example.maven-project:maven-project:1.0-SNAPSHOT @ C:\Users\Administrator\git\DevopsBasics\pom.xml.
2021-10-29 00:58:20,659 [Worker-8: Building] INFO  o.e.m.c.i.l.LifecycleMappingFactory - Using org.eclipse.m2e.jdt.JarLifecycleMapping lifecycle mapping for MavenProject: com.example.maven-project:server:1.0-SNAPSHOT @ C:\Users\Administrator\git\DevopsBasics\server\pom.xml.
2021-10-29 00:58:22,551 [Worker-8: Building] INFO  o.e.m.c.i.embedder.EclipseLogger - Using 'utf-8' encoding to copy filtered resources.
2021-10-29 00:58:22,555 [Worker-8: Building] INFO  o.e.m.c.i.embedder.EclipseLogger - skip non existing resourceDirectory C:\Users\Administrator\git\DevopsBasics\server\src\main\resources
2021-10-29 00:58:22,574 [Worker-8: Building] INFO  o.e.m.c.i.embedder.EclipseLogger - Using 'utf-8' encoding to copy filtered resources.
2021-10-29 00:58:22,575 [Worker-8: Building] INFO  o.e.m.c.i.embedder.EclipseLogger - skip non existing resourceDirectory C:\Users\Administrator\git\DevopsBasics\server\src\test\resources
2021-10-29 00:58:23,091 [Worker-8: Building] INFO  o.e.m.c.i.l.LifecycleMappingFactory - Using org.eclipse.m2e.jdt.JarLifecycleMapping lifecycle mapping for MavenProject: com.example.maven-project:webapp:1.0-SNAPSHOT @ C:\Users\Administrator\git\DevopsBasics\webapp\pom.xml.
2021-10-29 00:58:23,157 [Worker-8: Building] INFO  o.e.m.c.i.embedder.EclipseLogger - Using 'utf-8' encoding to copy filtered resources.
2021-10-29 00:58:23,157 [Worker-8: Building] INFO  o.e.m.c.i.embedder.EclipseLogger - skip non existing resourceDirectory C:\Users\Administrator\git\DevopsBasics\webapp\src\main\resources
2021-10-29 00:58:23,158 [Worker-8: Building] INFO  o.e.m.c.i.embedder.EclipseLogger - Using 'utf-8' encoding to copy filtered resources.
2021-10-29 00:58:23,158 [Worker-8: Building] INFO  o.e.m.c.i.embedder.EclipseLogger - skip non existing resourceDirectory C:\Users\Administrator\git\DevopsBasics\webapp\src\test\resources
2021-10-29 00:58:26,606 [Worker-8: Building] INFO  o.e.m.c.i.embedder.EclipseLogger - Using 'utf-8' encoding to copy filtered resources.
2021-10-29 00:58:26,606 [Worker-8: Building] INFO  o.e.m.c.i.embedder.EclipseLogger - skip non existing resourceDirectory C:\Users\Administrator\git\DevopsBasics\server\src\main\resources
2021-10-29 00:58:26,610 [Worker-8: Building] INFO  o.e.m.c.i.embedder.EclipseLogger - Using 'utf-8' encoding to copy filtered resources.
2021-10-29 00:58:26,610 [Worker-8: Building] INFO  o.e.m.c.i.embedder.EclipseLogger - skip non existing resourceDirectory C:\Users\Administrator\git\DevopsBasics\server\src\test\resources
2021-10-29 01:02:17,622 [Worker-10: Building] INFO  o.e.m.c.i.embedder.EclipseLogger - Using 'utf-8' encoding to copy filtered resources.
2021-10-29 01:02:17,638 [Worker-10: Building] INFO  o.e.m.c.i.embedder.EclipseLogger - skip non existing resourceDirectory C:\Users\Administrator\git\DevopsBasics\webapp\src\main\resources
2021-10-29 01:02:17,645 [Worker-10: Building] INFO  o.e.m.c.i.embedder.EclipseLogger - Using 'utf-8' encoding to copy filtered resources.
2021-10-29 01:02:17,645 [Worker-10: Building] INFO  o.e.m.c.i.embedder.EclipseLogger - skip non existing resourceDirectory C:\Users\Administrator\git\DevopsBasics\webapp\src\test\resources
2021-10-29 01:15:19,116 [main] INFO  o.e.m2e.actions.ExecutePomAction - Creating new launch configuration
2021-10-29 01:15:32,746 [Worker-10: Launching DevopsBasics] INFO  o.e.m.i.launch.MavenLaunchDelegate - C:\Users\Administrator\git\DevopsBasics
2021-10-29 01:15:32,760 [Worker-10: Launching DevopsBasics] INFO  o.e.m.i.launch.MavenLaunchDelegate -  mvn -B 
2021-10-29 01:16:06,637 [Worker-10: Launching Executing clean in C__Users_Administrator_git_DevopsBasics] INFO  o.e.m.i.launch.MavenLaunchDelegate - C:\Users\Administrator\git\DevopsBasics
2021-10-29 01:16:06,647 [Worker-10: Launching Executing clean in C__Users_Administrator_git_DevopsBasics] INFO  o.e.m.i.launch.MavenLaunchDelegate -  mvn -B clean
2021-10-29 01:16:16,711 [Worker-12: Building] INFO  o.e.m.c.i.embedder.EclipseLogger - Using 'utf-8' encoding to copy filtered resources.
2021-10-29 01:16:16,713 [Worker-12: Building] INFO  o.e.m.c.i.embedder.EclipseLogger - skip non existing resourceDirectory C:\Users\Administrator\git\DevopsBasics\server\src\main\resources
2021-10-29 01:16:16,720 [Worker-12: Building] INFO  o.e.m.c.i.embedder.EclipseLogger - Using 'utf-8' encoding to copy filtered resources.
2021-10-29 01:16:16,721 [Worker-12: Building] INFO  o.e.m.c.i.embedder.EclipseLogger - skip non existing resourceDirectory C:\Users\Administrator\git\DevopsBasics\server\src\test\resources
2021-10-29 01:16:16,737 [Worker-12: Building] INFO  o.e.m.c.i.embedder.EclipseLogger - Using 'utf-8' encoding to copy filtered resources.
2021-10-29 01:16:16,737 [Worker-12: Building] INFO  o.e.m.c.i.embedder.EclipseLogger - skip non existing resourceDirectory C:\Users\Administrator\git\DevopsBasics\webapp\src\main\resources
2021-10-29 01:16:16,744 [Worker-12: Building] INFO  o.e.m.c.i.embedder.EclipseLogger - Using 'utf-8' encoding to copy filtered resources.
2021-10-29 01:16:16,744 [Worker-12: Building] INFO  o.e.m.c.i.embedder.EclipseLogger - skip non existing resourceDirectory C:\Users\Administrator\git\DevopsBasics\webapp\src\test\resources
2021-10-29 01:17:20,620 [Worker-11: Launching Executing install in C__Users_Administrator_git_DevopsBasics] INFO  o.e.m.i.launch.MavenLaunchDelegate - C:\Users\Administrator\git\DevopsBasics
2021-10-29 01:17:20,621 [Worker-11: Launching Executing install in C__Users_Administrator_git_DevopsBasics] INFO  o.e.m.i.launch.MavenLaunchDelegate -  mvn -B install
2021-10-29 01:17:42,283 [Worker-11: Building] INFO  o.e.m.c.i.embedder.EclipseLogger - Using 'utf-8' encoding to copy filtered resources.
2021-10-29 01:17:42,286 [Worker-11: Building] INFO  o.e.m.c.i.embedder.EclipseLogger - skip non existing resourceDirectory C:\Users\Administrator\git\DevopsBasics\server\src\main\resources
2021-10-29 01:17:42,288 [Worker-11: Building] INFO  o.e.m.c.i.embedder.EclipseLogger - Using 'utf-8' encoding to copy filtered resources.
2021-10-29 01:17:42,288 [Worker-11: Building] INFO  o.e.m.c.i.embedder.EclipseLogger - skip non existing resourceDirectory C:\Users\Administrator\git\DevopsBasics\server\src\test\resources
2021-10-29 01:17:42,344 [Worker-11: Building] INFO  o.e.m.c.i.embedder.EclipseLogger - Using 'utf-8' encoding to copy filtered resources.
2021-10-29 01:17:42,344 [Worker-11: Building] INFO  o.e.m.c.i.embedder.EclipseLogger - skip non existing resourceDirectory C:\Users\Administrator\git\DevopsBasics\webapp\src\main\resources
2021-10-29 01:17:42,380 [Worker-11: Building] INFO  o.e.m.c.i.embedder.EclipseLogger - Using 'utf-8' encoding to copy filtered resources.
2021-10-29 01:17:42,381 [Worker-11: Building] INFO  o.e.m.c.i.embedder.EclipseLogger - skip non existing resourceDirectory C:\Users\Administrator\git\DevopsBasics\webapp\src\test\resources
2021-10-29 01:26:55,895 [main] INFO  o.e.m2e.actions.ExecutePomAction - Creating new launch configuration
2021-10-29 01:27:04,059 [Worker-12: Launching webapp] INFO  o.e.m.i.launch.MavenLaunchDelegate - C:\Users\Administrator\git\DevopsBasics
2021-10-29 01:27:04,063 [Worker-12: Launching webapp] INFO  o.e.m.i.launch.MavenLaunchDelegate -  mvn -B 
2021-10-29 01:27:34,041 [main] INFO  o.e.m2e.actions.ExecutePomAction - Creating new launch configuration
2021-10-29 01:27:55,555 [Worker-12: Launching webappnew] INFO  o.e.m.i.launch.MavenLaunchDelegate - C:\Users\Administrator\git\DevopsBasics\webapp
2021-10-29 01:27:55,556 [Worker-12: Launching webappnew] INFO  o.e.m.i.launch.MavenLaunchDelegate -  mvn -B 
2021-10-29 01:28:32,595 [Worker-12: Launching Executing clean in C__Users_Administrator_git_DevopsBasics_webapp] INFO  o.e.m.i.launch.MavenLaunchDelegate - C:\Users\Administrator\git\DevopsBasics\webapp
2021-10-29 01:28:32,596 [Worker-12: Launching Executing clean in C__Users_Administrator_git_DevopsBasics_webapp] INFO  o.e.m.i.launch.MavenLaunchDelegate -  mvn -B clean
2021-10-29 01:28:39,719 [Worker-14: Building] INFO  o.e.m.c.i.embedder.EclipseLogger - Using 'utf-8' encoding to copy filtered resources.
2021-10-29 01:28:39,723 [Worker-14: Building] INFO  o.e.m.c.i.embedder.EclipseLogger - skip non existing resourceDirectory C:\Users\Administrator\git\DevopsBasics\webapp\src\main\resources
2021-10-29 01:28:39,727 [Worker-14: Building] INFO  o.e.m.c.i.embedder.EclipseLogger - Using 'utf-8' encoding to copy filtered resources.
2021-10-29 01:28:39,727 [Worker-14: Building] INFO  o.e.m.c.i.embedder.EclipseLogger - skip non existing resourceDirectory C:\Users\Administrator\git\DevopsBasics\webapp\src\test\resources
2021-10-29 01:28:52,658 [Worker-14: Launching Executing install in C__Users_Administrator_git_DevopsBasics_webapp] INFO  o.e.m.i.launch.MavenLaunchDelegate - C:\Users\Administrator\git\DevopsBasics\webapp
2021-10-29 01:28:52,659 [Worker-14: Launching Executing install in C__Users_Administrator_git_DevopsBasics_webapp] INFO  o.e.m.i.launch.MavenLaunchDelegate -  mvn -B install
2021-10-29 01:29:05,467 [Worker-12: Building] INFO  o.e.m.c.i.embedder.EclipseLogger - Using 'utf-8' encoding to copy filtered resources.
2021-10-29 01:29:05,467 [Worker-12: Building] INFO  o.e.m.c.i.embedder.EclipseLogger - skip non existing resourceDirectory C:\Users\Administrator\git\DevopsBasics\webapp\src\main\resources
2021-10-29 01:29:05,470 [Worker-12: Building] INFO  o.e.m.c.i.embedder.EclipseLogger - Using 'utf-8' encoding to copy filtered resources.
2021-10-29 01:29:05,470 [Worker-12: Building] INFO  o.e.m.c.i.embedder.EclipseLogger - skip non existing resourceDirectory C:\Users\Administrator\git\DevopsBasics\webapp\src\test\resources
2021-10-29 01:29:16,148 [main] INFO  o.e.m2e.actions.ExecutePomAction - Creating new launch configuration
2021-10-29 01:29:59,692 [Worker-12: Launching webapp] INFO  o.e.m.i.launch.MavenLaunchDelegate - C:\Users\Administrator\git\DevopsBasics
2021-10-29 01:29:59,693 [Worker-12: Launching webapp] INFO  o.e.m.i.launch.MavenLaunchDelegate -  mvn -B 
2021-10-29 01:30:19,414 [Worker-14: Launching Executing clean in C__Users_Administrator_git_DevopsBasics] INFO  o.e.m.i.launch.MavenLaunchDelegate - C:\Users\Administrator\git\DevopsBasics
2021-10-29 01:30:19,414 [Worker-14: Launching Executing clean in C__Users_Administrator_git_DevopsBasics] INFO  o.e.m.i.launch.MavenLaunchDelegate -  mvn -B clean
2021-10-29 01:30:25,069 [Worker-12: Building] INFO  o.e.m.c.i.embedder.EclipseLogger - Using 'utf-8' encoding to copy filtered resources.
2021-10-29 01:30:25,070 [Worker-12: Building] INFO  o.e.m.c.i.embedder.EclipseLogger - skip non existing resourceDirectory C:\Users\Administrator\git\DevopsBasics\server\src\main\resources
2021-10-29 01:30:25,168 [Worker-12: Building] INFO  o.e.m.c.i.embedder.EclipseLogger - Using 'utf-8' encoding to copy filtered resources.
2021-10-29 01:30:25,168 [Worker-12: Building] INFO  o.e.m.c.i.embedder.EclipseLogger - skip non existing resourceDirectory C:\Users\Administrator\git\DevopsBasics\server\src\test\resources
2021-10-29 01:30:25,184 [Worker-12: Building] INFO  o.e.m.c.i.embedder.EclipseLogger - Using 'utf-8' encoding to copy filtered resources.
2021-10-29 01:30:25,184 [Worker-12: Building] INFO  o.e.m.c.i.embedder.EclipseLogger - skip non existing resourceDirectory C:\Users\Administrator\git\DevopsBasics\webapp\src\main\resources
2021-10-29 01:30:25,187 [Worker-12: Building] INFO  o.e.m.c.i.embedder.EclipseLogger - Using 'utf-8' encoding to copy filtered resources.
2021-10-29 01:30:25,187 [Worker-12: Building] INFO  o.e.m.c.i.embedder.EclipseLogger - skip non existing resourceDirectory C:\Users\Administrator\git\DevopsBasics\webapp\src\test\resources
2021-10-29 01:33:47,372 [Worker-16: Launching Executing test in C__Users_Administrator_git_DevopsBasics_webapp] INFO  o.e.m.i.launch.MavenLaunchDelegate - C:\Users\Administrator\git\DevopsBasics\webapp
2021-10-29 01:33:47,378 [Worker-16: Launching Executing test in C__Users_Administrator_git_DevopsBasics_webapp] INFO  o.e.m.i.launch.MavenLaunchDelegate -  mvn -B test
2021-10-29 01:33:57,508 [Worker-19: Building] INFO  o.e.m.c.i.embedder.EclipseLogger - Using 'utf-8' encoding to copy filtered resources.
2021-10-29 01:33:57,511 [Worker-19: Building] INFO  o.e.m.c.i.embedder.EclipseLogger - skip non existing resourceDirectory C:\Users\Administrator\git\DevopsBasics\webapp\src\main\resources
2021-10-29 01:33:57,517 [Worker-19: Building] INFO  o.e.m.c.i.embedder.EclipseLogger - Using 'utf-8' encoding to copy filtered resources.
2021-10-29 01:33:57,517 [Worker-19: Building] INFO  o.e.m.c.i.embedder.EclipseLogger - skip non existing resourceDirectory C:\Users\Administrator\git\DevopsBasics\webapp\src\test\resources
2021-10-29 01:34:24,649 [Worker-18: Launching Executing install in C__Users_Administrator_git_DevopsBasics_webapp] INFO  o.e.m.i.launch.MavenLaunchDelegate - C:\Users\Administrator\git\DevopsBasics\webapp
2021-10-29 01:34:24,649 [Worker-18: Launching Executing install in C__Users_Administrator_git_DevopsBasics_webapp] INFO  o.e.m.i.launch.MavenLaunchDelegate -  mvn -B install
2021-10-29 01:34:36,443 [Worker-16: Building] INFO  o.e.m.c.i.embedder.EclipseLogger - Using 'utf-8' encoding to copy filtered resources.
2021-10-29 01:34:36,443 [Worker-16: Building] INFO  o.e.m.c.i.embedder.EclipseLogger - skip non existing resourceDirectory C:\Users\Administrator\git\DevopsBasics\webapp\src\main\resources
2021-10-29 01:34:36,448 [Worker-16: Building] INFO  o.e.m.c.i.embedder.EclipseLogger - Using 'utf-8' encoding to copy filtered resources.
2021-10-29 01:34:36,448 [Worker-16: Building] INFO  o.e.m.c.i.embedder.EclipseLogger - skip non existing resourceDirectory C:\Users\Administrator\git\DevopsBasics\webapp\src\test\resources
